2026-06-10 07:37:46,196 | INFO | Device: cuda
2026-06-10 07:37:46,197 | INFO | ============================================================
Loading flight logs...
============================================================
2026-06-10 07:37:46,197 | INFO |   base/calm ...
2026-06-10 07:37:47,611 | INFO |   Loaded 43536 rows (435.4s) from ../gz_data_multy/base/calm
2026-06-10 07:37:47,666 | INFO |     → 43487 sequences
2026-06-10 07:37:47,666 | INFO |   base/moderate ...
2026-06-10 07:37:48,942 | INFO |   Loaded 52693 rows (526.9s) from ../gz_data_multy/base/moderate
2026-06-10 07:37:49,020 | INFO |     → 52640 sequences
2026-06-10 07:37:49,020 | INFO |   base/aggressive ...
2026-06-10 07:37:51,190 | INFO |   Loaded 79738 rows (797.4s) from ../gz_data_multy/base/aggressive
2026-06-10 07:37:51,293 | INFO |     → 79670 sequences
2026-06-10 07:37:51,293 | INFO |   light/calm ...
2026-06-10 07:37:52,416 | INFO |   Loaded 43819 rows (438.2s) from ../gz_data_multy/light/calm
2026-06-10 07:37:52,463 | INFO |     → 43766 sequences
2026-06-10 07:37:52,463 | INFO |   light/moderate ...
2026-06-10 07:37:53,850 | INFO |   Loaded 53138 rows (531.4s) from ../gz_data_multy/light/moderate
2026-06-10 07:37:53,921 | INFO |     → 53085 sequences
2026-06-10 07:37:53,922 | INFO |   light/aggressive ...
2026-06-10 07:37:55,871 | INFO |   Loaded 80479 rows (804.8s) from ../gz_data_multy/light/aggressive
2026-06-10 07:37:55,983 | INFO |     → 80405 sequences
2026-06-10 07:37:55,983 | INFO |   heavy/calm ...
2026-06-10 07:37:57,053 | INFO |   Loaded 43222 rows (432.2s) from ../gz_data_multy/heavy/calm
2026-06-10 07:37:57,109 | INFO |     → 43165 sequences
2026-06-10 07:37:57,109 | INFO |   heavy/moderate ...
2026-06-10 07:37:58,550 | INFO |   Loaded 51960 rows (519.6s) from ../gz_data_multy/heavy/moderate
2026-06-10 07:37:58,619 | INFO |     → 51909 sequences
2026-06-10 07:37:58,620 | INFO |   heavy/aggressive ...
2026-06-10 07:38:02,333 | INFO |   Loaded 79039 rows (790.4s) from ../gz_data_multy/heavy/aggressive
2026-06-10 07:38:02,442 | INFO |     → 78966 sequences
2026-06-10 07:38:02,442 | INFO |   Per-robot [base]: 175797 seq
2026-06-10 07:38:02,443 | INFO |   Per-robot [light]: 177256 seq
2026-06-10 07:38:02,443 | INFO |   Per-robot [heavy]: 174040 seq
2026-06-10 07:38:02,443 | INFO |   Combined: 527093 seq
2026-06-10 07:38:03,292 | INFO | 
============================================================
Strategy: per_robot
============================================================
2026-06-10 07:38:03,293 | INFO | 
  --- per_robot_base ---
2026-06-10 07:38:03,333 | INFO |   Loaded pretrained: ../model_chkpt/mamba_rpm_pinn_best.pth
2026-06-10 07:38:03,369 | INFO |   [PATCH] m=2.0 k=8.549e-06 l=0.174
2026-06-10 07:38:06,243 | INFO |    [DIAG] Newton residual [N] mean=['0.421', '-1.227', '-17.282'] std=['48.896', '49.398', '60.287'] | PCE=46.030N
2026-06-10 07:45:06,994 | INFO |   ep1 loss=0.7507 PCE=46.0069
2026-06-10 07:46:26,520 | INFO |   val=0.7528
2026-06-10 07:46:28,795 | INFO |    [DIAG] Newton residual [N] mean=['0.611', '1.290', '-13.328'] std=['50.955', '47.021', '62.540'] | PCE=46.408N
2026-06-10 07:53:39,389 | INFO |   ep2 loss=0.7504 PCE=46.0106
2026-06-10 07:54:58,070 | INFO |   val=0.7528
2026-06-10 07:55:02,570 | INFO |    [DIAG] Newton residual [N] mean=['0.596', '1.013', '-12.468'] std=['51.699', '46.077', '62.825'] | PCE=46.258N
2026-06-10 08:02:13,747 | INFO |   ep3 loss=0.7507 PCE=46.0110
2026-06-10 08:03:32,338 | INFO |   val=0.7527
2026-06-10 08:03:34,548 | INFO |    [DIAG] Newton residual [N] mean=['-0.776', '5.616', '-16.956'] std=['50.388', '47.725', '60.104'] | PCE=45.737N
2026-06-10 08:10:38,304 | INFO |   ep4 loss=0.7509 PCE=46.0116
2026-06-10 08:11:56,248 | INFO |   val=0.7529
2026-06-10 08:12:00,139 | INFO |    [DIAG] Newton residual [N] mean=['0.147', '-1.534', '-15.584'] std=['49.227', '47.983', '61.234'] | PCE=45.820N
2026-06-10 08:19:09,189 | INFO |   ep5 loss=0.7506 PCE=46.0103
2026-06-10 08:20:30,619 | INFO |   val=0.7528
2026-06-10 08:20:30,619 | INFO |   [per_robot_base] best val: 0.7527 → ../results_multiplatform_v4/checkpoints/rpm_pinn_per_robot_base.pth
2026-06-10 08:20:30,788 | INFO | 
  --- per_robot_light ---
2026-06-10 08:20:30,914 | INFO |   Loaded pretrained: ../model_chkpt/mamba_rpm_pinn_best.pth
2026-06-10 08:20:30,926 | INFO |   [PATCH] m=1.0 k=8.549e-06 l=0.1381
2026-06-10 08:20:33,035 | INFO |    [DIAG] Newton residual [N] mean=['-2.201', '2.178', '-19.328'] std=['49.702', '50.722', '62.593'] | PCE=47.413N
2026-06-10 08:27:48,827 | INFO |   ep1 loss=0.7855 PCE=47.3414
2026-06-10 08:29:09,912 | INFO |   val=0.7857
2026-06-10 08:29:12,151 | INFO |    [DIAG] Newton residual [N] mean=['-1.748', '-0.153', '-20.804'] std=['47.756', '48.562', '65.350'] | PCE=47.375N
2026-06-10 08:36:29,803 | INFO |   ep2 loss=0.7855 PCE=47.3397
2026-06-10 08:37:45,563 | INFO |   val=0.7860
2026-06-10 08:37:47,791 | INFO |    [DIAG] Newton residual [N] mean=['-6.175', '-2.428', '-23.160'] std=['50.369', '50.309', '60.584'] | PCE=47.170N
2026-06-10 08:45:12,635 | INFO |   ep3 loss=0.7854 PCE=47.3411
2026-06-10 08:46:30,720 | INFO |   val=0.7858
2026-06-10 08:46:33,103 | INFO |    [DIAG] Newton residual [N] mean=['2.142', '2.928', '-20.945'] std=['51.201', '49.584', '62.262'] | PCE=47.518N
2026-06-10 08:53:49,948 | INFO |   ep4 loss=0.7855 PCE=47.3394
2026-06-10 08:55:08,190 | INFO |   val=0.7859
2026-06-10 08:55:10,593 | INFO |    [DIAG] Newton residual [N] mean=['-1.192', '-0.397', '-17.989'] std=['50.740', '48.914', '63.882'] | PCE=47.322N
2026-06-10 09:02:32,360 | INFO |   ep5 loss=0.7855 PCE=47.3390
2026-06-10 09:03:52,603 | INFO |   val=0.7856
2026-06-10 09:03:52,619 | INFO |   [per_robot_light] best val: 0.7856 → ../results_multiplatform_v4/checkpoints/rpm_pinn_per_robot_light.pth
2026-06-10 09:03:52,794 | INFO | 
  --- per_robot_heavy ---
2026-06-10 09:03:52,931 | INFO |   Loaded pretrained: ../model_chkpt/mamba_rpm_pinn_best.pth
2026-06-10 09:03:52,942 | INFO |   [PATCH] m=3.5 k=1.188e-05 l=0.2097
2026-06-10 09:03:55,385 | INFO |    [DIAG] Newton residual [N] mean=['0.285', '-2.047', '-9.595'] std=['51.362', '46.348', '57.663'] | PCE=44.239N
2026-06-10 09:11:06,179 | INFO |   ep1 loss=0.6963 PCE=44.0737
2026-06-10 09:12:23,642 | INFO |   val=0.6986
2026-06-10 09:12:25,963 | INFO |    [DIAG] Newton residual [N] mean=['-4.119', '0.918', '-7.614'] std=['51.583', '46.264', '58.149'] | PCE=44.558N
2026-06-10 09:19:33,488 | INFO |   ep2 loss=0.6963 PCE=44.0751
2026-06-10 09:20:51,551 | INFO |   val=0.6985
2026-06-10 09:20:54,484 | INFO |    [DIAG] Newton residual [N] mean=['5.111', '-1.000', '-8.126'] std=['50.369', '47.847', '56.141'] | PCE=43.771N
2026-06-10 09:28:13,911 | INFO |   ep3 loss=0.6962 PCE=44.0721
2026-06-10 09:29:30,046 | INFO |   val=0.6984
2026-06-10 09:29:32,460 | INFO |    [DIAG] Newton residual [N] mean=['-0.877', '-1.017', '-4.243'] std=['51.643', '43.286', '60.779'] | PCE=44.316N
2026-06-10 09:37:29,710 | INFO |   ep4 loss=0.6964 PCE=44.0716
2026-06-10 09:39:17,318 | INFO |   val=0.6984
2026-06-10 09:39:19,823 | INFO |    [DIAG] Newton residual [N] mean=['-1.109', '-0.164', '-2.704'] std=['50.738', '49.542', '59.812'] | PCE=45.572N
2026-06-10 09:47:01,030 | INFO |   ep5 loss=0.6964 PCE=44.0742
2026-06-10 09:48:19,162 | INFO |   val=0.6986
2026-06-10 09:48:19,163 | INFO |   [per_robot_heavy] best val: 0.6984 → ../results_multiplatform_v4/checkpoints/rpm_pinn_per_robot_heavy.pth
2026-06-10 09:48:19,342 | INFO | 
============================================================
Strategy: combined
============================================================
2026-06-10 09:48:19,342 | INFO | 
  --- combined_all ---
2026-06-10 09:48:19,533 | INFO |   Loaded pretrained: ../model_chkpt/mamba_rpm_pinn_best.pth
2026-06-10 09:48:19,547 | INFO |   [PATCH] m=2.0 k=8.549e-06 l=0.174
2026-06-10 09:48:22,034 | INFO |    [DIAG] Newton residual [N] mean=['2.797', '-0.929', '-17.487'] std=['50.498', '48.547', '59.507'] | PCE=45.817N
2026-06-10 10:11:32,756 | INFO |   ep1 loss=0.7431 PCE=45.9742
2026-06-10 10:15:40,799 | INFO |   val=0.7413
2026-06-10 10:15:43,531 | INFO |    [DIAG] Newton residual [N] mean=['-0.395', '4.720', '-15.086'] std=['50.413', '46.276', '62.555'] | PCE=46.007N
2026-06-10 10:41:03,853 | INFO |   ep2 loss=0.7431 PCE=45.9754
2026-06-10 10:45:43,403 | INFO |   val=0.7414
2026-06-10 10:45:45,861 | INFO |    [DIAG] Newton residual [N] mean=['0.787', '3.826', '-18.675'] std=['50.520', '47.403', '60.484'] | PCE=45.898N
2026-06-10 11:09:51,856 | INFO |   ep3 loss=0.7431 PCE=45.9767
2026-06-10 11:14:20,161 | INFO |   val=0.7413
2026-06-10 11:14:23,045 | INFO |    [DIAG] Newton residual [N] mean=['0.536', '1.324', '-13.437'] std=['50.428', '46.362', '62.597'] | PCE=45.516N
2026-06-10 11:39:22,743 | INFO |   ep4 loss=0.7432 PCE=45.9748
2026-06-10 11:43:49,975 | INFO |   val=0.7413
2026-06-10 11:43:54,311 | INFO |    [DIAG] Newton residual [N] mean=['2.038', '1.032', '-14.286'] std=['48.804', '48.011', '62.275'] | PCE=45.423N
2026-06-10 12:09:39,505 | INFO |   ep5 loss=0.7432 PCE=45.9740
2026-06-10 12:14:13,113 | INFO |   val=0.7413
2026-06-10 12:14:13,113 | INFO |   [combined_all] best val: 0.7413 → ../results_multiplatform_v4/checkpoints/rpm_pinn_combined_all.pth
2026-06-10 12:14:13,623 | INFO | 
============================================================
Evaluation
============================================================
2026-06-10 12:14:13,641 | INFO |   Eval [per_robot] base/calm ...
2026-06-10 12:14:15,383 | INFO |     dur=3s  RMSE=0.194m ATE=0.304m
2026-06-10 12:14:18,226 | INFO |     dur=5s  RMSE=0.401m ATE=0.627m
2026-06-10 12:14:26,313 | INFO |     dur=10s  RMSE=1.081m ATE=1.636m
2026-06-10 12:14:44,055 | INFO |     dur=30s  RMSE=2.483m ATE=3.756m
2026-06-10 12:15:19,646 | INFO |     dur=60s  RMSE=3.083m ATE=4.822m
2026-06-10 12:16:29,524 | INFO |     dur=120s  RMSE=3.885m ATE=5.999m
2026-06-10 12:16:29,525 | INFO |   Eval [per_robot] base/moderate ...
2026-06-10 12:16:31,331 | INFO |     dur=3s  RMSE=0.457m ATE=0.704m
2026-06-10 12:16:34,130 | INFO |     dur=5s  RMSE=0.890m ATE=1.349m
2026-06-10 12:16:41,348 | INFO |     dur=10s  RMSE=1.613m ATE=2.451m
2026-06-10 12:16:58,441 | INFO |     dur=30s  RMSE=3.661m ATE=5.747m
2026-06-10 12:17:35,003 | INFO |     dur=60s  RMSE=5.940m ATE=9.298m
2026-06-10 12:18:45,573 | INFO |     dur=120s  RMSE=7.400m ATE=11.263m
2026-06-10 12:18:45,574 | INFO |   Eval [per_robot] base/aggressive ...
2026-06-10 12:18:47,465 | INFO |     dur=3s  RMSE=0.423m ATE=0.662m
2026-06-10 12:18:50,280 | INFO |     dur=5s  RMSE=0.921m ATE=1.424m
2026-06-10 12:18:58,718 | INFO |     dur=10s  RMSE=1.722m ATE=2.579m
2026-06-10 12:19:14,270 | INFO |     dur=30s  RMSE=6.183m ATE=9.477m
2026-06-10 12:19:43,655 | INFO |     dur=60s  RMSE=10.606m ATE=16.436m
2026-06-10 12:20:46,772 | INFO |     dur=120s  RMSE=12.723m ATE=20.150m
2026-06-10 12:20:46,952 | INFO |   Eval [per_robot] light/calm ...
2026-06-10 12:20:48,465 | INFO |     dur=3s  RMSE=0.190m ATE=0.288m
2026-06-10 12:20:50,824 | INFO |     dur=5s  RMSE=0.429m ATE=0.667m
2026-06-10 12:20:55,732 | INFO |     dur=10s  RMSE=0.939m ATE=1.433m
2026-06-10 12:21:12,101 | INFO |     dur=30s  RMSE=2.198m ATE=3.351m
2026-06-10 12:21:39,364 | INFO |     dur=60s  RMSE=3.373m ATE=5.293m
2026-06-10 12:22:40,287 | INFO |     dur=120s  RMSE=4.478m ATE=6.882m
2026-06-10 12:22:40,288 | INFO |   Eval [per_robot] light/moderate ...
2026-06-10 12:22:41,812 | INFO |     dur=3s  RMSE=0.471m ATE=0.720m
2026-06-10 12:22:44,549 | INFO |     dur=5s  RMSE=0.732m ATE=1.103m
2026-06-10 12:22:49,885 | INFO |     dur=10s  RMSE=1.983m ATE=2.945m
2026-06-10 12:23:05,272 | INFO |     dur=30s  RMSE=3.293m ATE=5.047m
2026-06-10 12:23:36,035 | INFO |     dur=60s  RMSE=6.271m ATE=9.752m
2026-06-10 12:24:37,705 | INFO |     dur=120s  RMSE=7.830m ATE=12.141m
2026-06-10 12:24:37,705 | INFO |   Eval [per_robot] light/aggressive ...
2026-06-10 12:24:39,307 | INFO |     dur=3s  RMSE=0.576m ATE=0.881m
2026-06-10 12:24:41,713 | INFO |     dur=5s  RMSE=1.407m ATE=2.159m
2026-06-10 12:24:46,649 | INFO |     dur=10s  RMSE=2.442m ATE=3.645m
2026-06-10 12:25:01,069 | INFO |     dur=30s  RMSE=6.466m ATE=9.719m
2026-06-10 12:25:30,066 | INFO |     dur=60s  RMSE=8.527m ATE=12.867m
2026-06-10 12:26:30,190 | INFO |     dur=120s  RMSE=12.460m ATE=19.453m
2026-06-10 12:26:30,360 | INFO |   Eval [per_robot] heavy/calm ...
2026-06-10 12:26:31,817 | INFO |     dur=3s  RMSE=0.214m ATE=0.328m
2026-06-10 12:26:34,099 | INFO |     dur=5s  RMSE=0.494m ATE=0.759m
2026-06-10 12:26:40,143 | INFO |     dur=10s  RMSE=1.072m ATE=1.618m
2026-06-10 12:26:56,083 | INFO |     dur=30s  RMSE=2.288m ATE=3.513m
2026-06-10 12:27:26,756 | INFO |     dur=60s  RMSE=2.979m ATE=4.692m
2026-06-10 12:28:25,620 | INFO |     dur=120s  RMSE=4.303m ATE=6.698m
2026-06-10 12:28:25,620 | INFO |   Eval [per_robot] heavy/moderate ...
2026-06-10 12:28:27,205 | INFO |     dur=3s  RMSE=0.394m ATE=0.611m
2026-06-10 12:28:29,528 | INFO |     dur=5s  RMSE=0.752m ATE=1.166m
2026-06-10 12:28:36,099 | INFO |     dur=10s  RMSE=1.860m ATE=2.794m
2026-06-10 12:28:49,894 | INFO |     dur=30s  RMSE=3.308m ATE=5.185m
2026-06-10 12:29:19,643 | INFO |     dur=60s  RMSE=4.859m ATE=7.517m
2026-06-10 12:30:22,860 | INFO |     dur=120s  RMSE=7.122m ATE=11.239m
2026-06-10 12:30:22,861 | INFO |   Eval [per_robot] heavy/aggressive ...
2026-06-10 12:30:24,405 | INFO |     dur=3s  RMSE=0.321m ATE=0.496m
2026-06-10 12:30:26,906 | INFO |     dur=5s  RMSE=0.918m ATE=1.391m
2026-06-10 12:30:31,726 | INFO |     dur=10s  RMSE=2.967m ATE=4.533m
2026-06-10 12:30:45,689 | INFO |     dur=30s  RMSE=6.315m ATE=9.727m
2026-06-10 12:31:15,757 | INFO |     dur=60s  RMSE=10.331m ATE=16.199m
2026-06-10 12:32:16,165 | INFO |     dur=120s  RMSE=13.602m ATE=21.480m
2026-06-10 12:32:16,339 | INFO |   Eval [combined] base/calm ...
2026-06-10 12:32:17,794 | INFO |     dur=3s  RMSE=0.194m ATE=0.304m
2026-06-10 12:32:20,293 | INFO |     dur=5s  RMSE=0.401m ATE=0.627m
2026-06-10 12:32:24,820 | INFO |     dur=10s  RMSE=1.081m ATE=1.636m
2026-06-10 12:32:40,492 | INFO |     dur=30s  RMSE=2.483m ATE=3.756m
2026-06-10 12:33:11,629 | INFO |     dur=60s  RMSE=3.083m ATE=4.822m
2026-06-10 12:34:09,664 | INFO |     dur=120s  RMSE=3.885m ATE=5.999m
2026-06-10 12:34:09,664 | INFO |   Eval [combined] base/moderate ...
2026-06-10 12:34:11,245 | INFO |     dur=3s  RMSE=0.457m ATE=0.704m
2026-06-10 12:34:15,295 | INFO |     dur=5s  RMSE=0.890m ATE=1.349m
2026-06-10 12:34:19,947 | INFO |     dur=10s  RMSE=1.613m ATE=2.451m
2026-06-10 12:34:33,632 | INFO |     dur=30s  RMSE=3.661m ATE=5.747m
2026-06-10 12:35:03,975 | INFO |     dur=60s  RMSE=5.940m ATE=9.298m
2026-06-10 12:36:06,699 | INFO |     dur=120s  RMSE=7.400m ATE=11.263m
2026-06-10 12:36:06,699 | INFO |   Eval [combined] base/aggressive ...
2026-06-10 12:36:08,324 | INFO |     dur=3s  RMSE=0.423m ATE=0.662m
2026-06-10 12:36:10,683 | INFO |     dur=5s  RMSE=0.921m ATE=1.424m
2026-06-10 12:36:15,731 | INFO |     dur=10s  RMSE=1.722m ATE=2.579m
2026-06-10 12:36:31,749 | INFO |     dur=30s  RMSE=6.183m ATE=9.477m
2026-06-10 12:36:59,344 | INFO |     dur=60s  RMSE=10.606m ATE=16.436m
2026-06-10 12:37:58,870 | INFO |     dur=120s  RMSE=12.723m ATE=20.150m
2026-06-10 12:37:59,040 | INFO |   Eval [combined] light/calm ...
2026-06-10 12:38:00,500 | INFO |     dur=3s  RMSE=0.190m ATE=0.288m
2026-06-10 12:38:03,480 | INFO |     dur=5s  RMSE=0.429m ATE=0.667m
2026-06-10 12:38:08,100 | INFO |     dur=10s  RMSE=0.939m ATE=1.433m
2026-06-10 12:38:23,701 | INFO |     dur=30s  RMSE=2.198m ATE=3.351m
2026-06-10 12:38:56,403 | INFO |     dur=60s  RMSE=3.373m ATE=5.293m
2026-06-10 12:39:57,519 | INFO |     dur=120s  RMSE=4.478m ATE=6.882m
2026-06-10 12:39:57,519 | INFO |   Eval [combined] light/moderate ...
2026-06-10 12:39:59,275 | INFO |     dur=3s  RMSE=0.471m ATE=0.720m
2026-06-10 12:40:01,760 | INFO |     dur=5s  RMSE=0.732m ATE=1.103m
2026-06-10 12:40:06,383 | INFO |     dur=10s  RMSE=1.983m ATE=2.945m
2026-06-10 12:40:19,701 | INFO |     dur=30s  RMSE=3.293m ATE=5.047m
2026-06-10 12:40:49,571 | INFO |     dur=60s  RMSE=6.271m ATE=9.752m
2026-06-10 12:41:50,933 | INFO |     dur=120s  RMSE=7.830m ATE=12.141m
2026-06-10 12:41:50,933 | INFO |   Eval [combined] light/aggressive ...
2026-06-10 12:41:52,839 | INFO |     dur=3s  RMSE=0.576m ATE=0.881m
2026-06-10 12:41:55,614 | INFO |     dur=5s  RMSE=1.407m ATE=2.159m
2026-06-10 12:42:00,374 | INFO |     dur=10s  RMSE=2.442m ATE=3.645m
2026-06-10 12:42:16,885 | INFO |     dur=30s  RMSE=6.466m ATE=9.719m
2026-06-10 12:42:43,749 | INFO |     dur=60s  RMSE=8.527m ATE=12.867m
2026-06-10 12:43:55,831 | INFO |     dur=120s  RMSE=12.460m ATE=19.453m
2026-06-10 12:43:56,055 | INFO |   Eval [combined] heavy/calm ...
2026-06-10 12:43:58,140 | INFO |     dur=3s  RMSE=0.214m ATE=0.328m
2026-06-10 12:44:01,424 | INFO |     dur=5s  RMSE=0.494m ATE=0.759m
2026-06-10 12:44:06,640 | INFO |     dur=10s  RMSE=1.072m ATE=1.618m
2026-06-10 12:44:20,350 | INFO |     dur=30s  RMSE=2.288m ATE=3.513m
2026-06-10 12:44:59,344 | INFO |     dur=60s  RMSE=2.979m ATE=4.692m
2026-06-10 12:46:09,829 | INFO |     dur=120s  RMSE=4.303m ATE=6.698m
2026-06-10 12:46:09,829 | INFO |   Eval [combined] heavy/moderate ...
2026-06-10 12:46:13,494 | INFO |     dur=3s  RMSE=0.394m ATE=0.611m
2026-06-10 12:46:15,892 | INFO |     dur=5s  RMSE=0.752m ATE=1.166m
2026-06-10 12:46:20,552 | INFO |     dur=10s  RMSE=1.860m ATE=2.794m
2026-06-10 12:46:34,089 | INFO |     dur=30s  RMSE=3.308m ATE=5.185m
2026-06-10 12:47:04,043 | INFO |     dur=60s  RMSE=4.859m ATE=7.517m
2026-06-10 12:48:05,208 | INFO |     dur=120s  RMSE=7.122m ATE=11.239m
2026-06-10 12:48:05,208 | INFO |   Eval [combined] heavy/aggressive ...
2026-06-10 12:48:07,179 | INFO |     dur=3s  RMSE=0.321m ATE=0.496m
2026-06-10 12:48:12,504 | INFO |     dur=5s  RMSE=0.918m ATE=1.391m
2026-06-10 12:48:17,449 | INFO |     dur=10s  RMSE=2.967m ATE=4.533m
2026-06-10 12:48:31,280 | INFO |     dur=30s  RMSE=6.315m ATE=9.727m
2026-06-10 12:49:01,091 | INFO |     dur=60s  RMSE=10.331m ATE=16.199m
2026-06-10 12:50:01,003 | INFO |     dur=120s  RMSE=13.602m ATE=21.480m
2026-06-10 12:50:02,688 | INFO | Plot: ../results_multiplatform_v4/rmse_per_robot.png
2026-06-10 12:50:04,183 | INFO | Plot: ../results_multiplatform_v4/rmse_combined.png
2026-06-10 12:50:05,573 | INFO | Plot: ../results_multiplatform_v4/ate_per_robot.png
2026-06-10 12:50:07,067 | INFO | Plot: ../results_multiplatform_v4/ate_combined.png
2026-06-10 12:50:07,356 | INFO | Plot: ../results_multiplatform_v4/platform_gap_dur10.png
2026-06-10 12:50:07,579 | INFO | Table: ../results_multiplatform_v4/summary_table_dur10.png
2026-06-10 12:50:07,840 | INFO | Plot: ../results_multiplatform_v4/platform_gap_dur30.png
2026-06-10 12:50:08,046 | INFO | Table: ../results_multiplatform_v4/summary_table_dur30.png
2026-06-10 12:50:08,297 | INFO | Plot: ../results_multiplatform_v4/platform_gap_dur60.png
2026-06-10 12:50:08,524 | INFO | Table: ../results_multiplatform_v4/summary_table_dur60.png
2026-06-10 12:50:08,525 | INFO | 
============================================================
SUMMARY: Mean RMSE (m) at 30s outage
============================================================
2026-06-10 12:50:08,525 | INFO | 
  Strategy: per_robot
2026-06-10 12:50:08,525 | INFO |     base  /calm      : 2.4830 m
2026-06-10 12:50:08,525 | INFO |     base  /moderate  : 3.6610 m
2026-06-10 12:50:08,526 | INFO |     base  /aggressive: 6.1826 m
2026-06-10 12:50:08,526 | INFO |     light /calm      : 2.1982 m
2026-06-10 12:50:08,526 | INFO |     light /moderate  : 3.2933 m
2026-06-10 12:50:08,526 | INFO |     light /aggressive: 6.4664 m
2026-06-10 12:50:08,527 | INFO |     heavy /calm      : 2.2880 m
2026-06-10 12:50:08,527 | INFO |     heavy /moderate  : 3.3081 m
2026-06-10 12:50:08,527 | INFO |     heavy /aggressive: 6.3147 m
2026-06-10 12:50:08,527 | INFO | 
  Strategy: combined
2026-06-10 12:50:08,527 | INFO |     base  /calm      : 2.4830 m
2026-06-10 12:50:08,527 | INFO |     base  /moderate  : 3.6610 m
2026-06-10 12:50:08,527 | INFO |     base  /aggressive: 6.1826 m
2026-06-10 12:50:08,528 | INFO |     light /calm      : 2.1982 m
2026-06-10 12:50:08,528 | INFO |     light /moderate  : 3.2933 m
2026-06-10 12:50:08,528 | INFO |     light /aggressive: 6.4664 m
2026-06-10 12:50:08,528 | INFO |     heavy /calm      : 2.2880 m
2026-06-10 12:50:08,528 | INFO |     heavy /moderate  : 3.3081 m
2026-06-10 12:50:08,528 | INFO |     heavy /aggressive: 6.3147 m
2026-06-10 12:50:08,529 | INFO | 
Done. Results: ../results_multiplatform_v4
